<?xml version="1.0" encoding="UTF-8"?>
<!-- Generated by org.testng.reporters.JUnitXMLReporter -->
<testsuite ignored="0" hostname="DESKTOP-B9VFP22" failures="0" tests="12" name="Default test" time="91.577" errors="0" timestamp="2021-04-25T10:49:11 IST">
  <testcase classname="callhub.Base.PricingPage" name="pricingPage" time="23.887"/>
  <testcase classname="callhub.Base.PricingPage" name="pricingPage" time="2.005"/>
  <testcase classname="callhub.Base.PricingPage" name="pricingPage" time="1.007"/>
  <testcase classname="callhub.Base.PricingPage" name="pricingPage" time="2.188"/>
  <testcase classname="callhub.Base.PricingPage" name="pricingPage" time="0.515"/>
  <testcase classname="callhub.Base.PricingPage" name="pricingPage" time="0.555"/>
  <testcase classname="callhub.Base.PricingPage" name="pricingPage" time="1.319"/>
  <testcase classname="callhub.Base.PricingPage" name="pricingPage" time="1.037"/>
  <testcase classname="callhub.Base.PricingPage" name="pricingPage" time="0.58"/>
  <testcase classname="callhub.Base.PricingPage" name="pricingPage" time="1.224"/>
  <testcase classname="callhub.Base.PricingPage" name="pricingPage" time="0.514"/>
  <testcase classname="callhub.Base.PricingPage" name="pricingPage" time="0.537"/>
</testsuite> <!-- Default test -->
