<?xml version="1.0" encoding="UTF-8"?>
<!-- Generated by org.testng.reporters.JUnitXMLReporter -->
<testsuite ignored="0" hostname="DESKTOP-B9VFP22" failures="0" tests="12" name="Test" time="52.09" errors="0" timestamp="2021-04-25T11:12:40 IST">
  <testcase classname="callhub.Base.PricingPage" name="pricingPage" time="7.811"/>
  <testcase classname="callhub.Base.PricingPage" name="pricingPage" time="0.935"/>
  <testcase classname="callhub.Base.PricingPage" name="pricingPage" time="0.589"/>
  <testcase classname="callhub.Base.PricingPage" name="pricingPage" time="1.066"/>
  <testcase classname="callhub.Base.PricingPage" name="pricingPage" time="0.554"/>
  <testcase classname="callhub.Base.PricingPage" name="pricingPage" time="0.55"/>
  <testcase classname="callhub.Base.PricingPage" name="pricingPage" time="2.88"/>
  <testcase classname="callhub.Base.PricingPage" name="pricingPage" time="0.656"/>
  <testcase classname="callhub.Base.PricingPage" name="pricingPage" time="0.663"/>
  <testcase classname="callhub.Base.PricingPage" name="pricingPage" time="1.075"/>
  <testcase classname="callhub.Base.PricingPage" name="pricingPage" time="0.602"/>
  <testcase classname="callhub.Base.PricingPage" name="pricingPage" time="0.51"/>
</testsuite> <!-- Test -->
